==6299== Memcheck, a memory error detector
==6299== Copyright (C) 2002-2017, and GNU GPL'd, by Julian Seward et al.
==6299== Using Valgrind-3.18.1-42b08ed5bd-20211015 and LibVEX; rerun with -h for copyright info
==6299== Command: ./analogspice.out ./test/test7.sp
==6299== Parent PID: 3671
==6299== 
--6299-- 
--6299-- Valgrind options:
--6299--    -v
--6299--    -s
--6299--    --log-file=valgrind.log
--6299--    --tool=memcheck
--6299--    --leak-check=full
--6299--    --show-leak-kinds=all
--6299-- Contents of /proc/version:
--6299--   Linux version 6.2.0-36-generic (buildd@lcy02-amd64-050) (x86_64-linux-gnu-gcc-11 (Ubuntu 11.4.0-1ubuntu1~22.04) 11.4.0, GNU ld (GNU Binutils for Ubuntu) 2.38) #37~22.04.1-Ubuntu SMP PREEMPT_DYNAMIC Mon Oct  9 15:34:04 UTC 2
--6299-- 
--6299-- Arch and hwcaps: AMD64, LittleEndian, amd64-cx16-lzcnt-rdtscp-sse3-ssse3-avx-avx2-bmi-f16c-rdrand-rdseed
--6299-- Page sizes: currently 4096, max supported 4096
--6299-- Valgrind library directory: /usr/libexec/valgrind
--6299-- Reading syms from /home/jeff/lzp/AnalogSPICE-example/analogspice.out
--6299-- Reading syms from /usr/lib/x86_64-linux-gnu/ld-linux-x86-64.so.2
--6299--   Considering /usr/lib/debug/.build-id/97/18d3757f00d2366056830aae09698dbd35e32c.debug ..
--6299--   .. build-id is valid
--6299-- Reading syms from /usr/libexec/valgrind/memcheck-amd64-linux
--6299--    object doesn't have a symbol table
--6299--    object doesn't have a dynamic symbol table
--6299-- Scheduler: using generic scheduler lock implementation.
--6299-- Reading suppressions file: /usr/libexec/valgrind/default.supp
==6299== embedded gdbserver: reading from /tmp/vgdb-pipe-from-vgdb-to-6299-by-jeff-on-???
==6299== embedded gdbserver: writing to   /tmp/vgdb-pipe-to-vgdb-from-6299-by-jeff-on-???
==6299== embedded gdbserver: shared mem   /tmp/vgdb-pipe-shared-mem-vgdb-6299-by-jeff-on-???
==6299== 
==6299== TO CONTROL THIS PROCESS USING vgdb (which you probably
==6299== don't want to do, unless you know exactly what you're doing,
==6299== or are doing some strange experiment):
==6299==   /usr/bin/vgdb --pid=6299 ...command...
==6299== 
==6299== TO DEBUG THIS PROCESS USING GDB: start GDB like this
==6299==   /path/to/gdb ./analogspice.out
==6299== and then give GDB the following command
==6299==   target remote | /usr/bin/vgdb --pid=6299
==6299== --pid is optional if only one valgrind process is running
==6299== 
--6299-- REDIR: 0x402aa40 (ld-linux-x86-64.so.2:strlen) redirected to 0x580bcec2 (???)
--6299-- REDIR: 0x402a810 (ld-linux-x86-64.so.2:index) redirected to 0x580bcedc (???)
--6299-- Reading syms from /usr/libexec/valgrind/vgpreload_core-amd64-linux.so
--6299--    object doesn't have a symbol table
--6299-- Reading syms from /usr/libexec/valgrind/vgpreload_memcheck-amd64-linux.so
--6299--    object doesn't have a symbol table
==6299== WARNING: new redirection conflicts with existing -- ignoring it
--6299--     old: 0x0402aa40 (strlen              ) R-> (0000.0) 0x580bcec2 ???
--6299--     new: 0x0402aa40 (strlen              ) R-> (2007.0) 0x0484ee30 strlen
--6299-- REDIR: 0x4027220 (ld-linux-x86-64.so.2:strcmp) redirected to 0x484fcd0 (strcmp)
--6299-- REDIR: 0x402afa0 (ld-linux-x86-64.so.2:mempcpy) redirected to 0x4853840 (mempcpy)
--6299-- Reading syms from /usr/lib/x86_64-linux-gnu/libstdc++.so.6.0.30
--6299--    object doesn't have a symbol table
--6299-- Reading syms from /usr/lib/x86_64-linux-gnu/libm.so.6
--6299--   Considering /usr/lib/debug/.build-id/d2/c7d1fdefc7a876b6017c090ccd55fb21e8d77f.debug ..
--6299--   .. build-id is valid
--6299-- Reading syms from /usr/lib/x86_64-linux-gnu/libgcc_s.so.1
--6299--    object doesn't have a symbol table
--6299-- Reading syms from /usr/lib/x86_64-linux-gnu/libc.so.6
--6299--   Considering /usr/lib/debug/.build-id/a4/3bfc8428df6623cd498c9c0caeb91aec9be4f9.debug ..
--6299--   .. build-id is valid
==6299== WARNING: new redirection conflicts with existing -- ignoring it
--6299--     old: 0x04c45c60 (memalign            ) R-> (1011.0) 0x0484e080 memalign
--6299--     new: 0x04c45c60 (memalign            ) R-> (1017.0) 0x0484e050 aligned_alloc
==6299== WARNING: new redirection conflicts with existing -- ignoring it
--6299--     old: 0x04c45c60 (memalign            ) R-> (1011.0) 0x0484e080 memalign
--6299--     new: 0x04c45c60 (memalign            ) R-> (1017.0) 0x0484e020 aligned_alloc
==6299== WARNING: new redirection conflicts with existing -- ignoring it
--6299--     old: 0x04c45c60 (memalign            ) R-> (1011.0) 0x0484e080 memalign
--6299--     new: 0x04c45c60 (memalign            ) R-> (1017.0) 0x0484e050 aligned_alloc
==6299== WARNING: new redirection conflicts with existing -- ignoring it
--6299--     old: 0x04c45c60 (memalign            ) R-> (1011.0) 0x0484e080 memalign
--6299--     new: 0x04c45c60 (memalign            ) R-> (1017.0) 0x0484e020 aligned_alloc
--6299-- REDIR: 0x4c48720 (libc.so.6:strnlen) redirected to 0x483f220 (_vgnU_ifunc_wrapper)
--6299-- REDIR: 0x4c489e0 (libc.so.6:strpbrk) redirected to 0x483f220 (_vgnU_ifunc_wrapper)
--6299-- REDIR: 0x4c482e0 (libc.so.6:strcmp) redirected to 0x483f220 (_vgnU_ifunc_wrapper)
--6299-- REDIR: 0x4c66cd0 (libc.so.6:wcsnlen) redirected to 0x483f220 (_vgnU_ifunc_wrapper)
--6299-- REDIR: 0x4c496d0 (libc.so.6:memset) redirected to 0x483f220 (_vgnU_ifunc_wrapper)
--6299-- REDIR: 0x4c65540 (libc.so.6:wcslen) redirected to 0x483f220 (_vgnU_ifunc_wrapper)
--6299-- REDIR: 0x4c49c10 (libc.so.6:memcpy@@GLIBC_2.14) redirected to 0x483f220 (_vgnU_ifunc_wrapper)
--6299-- REDIR: 0x4c65370 (libc.so.6:wcschr) redirected to 0x483f220 (_vgnU_ifunc_wrapper)
--6299-- REDIR: 0x4c48260 (libc.so.6:index) redirected to 0x483f220 (_vgnU_ifunc_wrapper)
--6299-- REDIR: 0x4c48960 (libc.so.6:rindex) redirected to 0x483f220 (_vgnU_ifunc_wrapper)
--6299-- REDIR: 0x4c495a0 (libc.so.6:memmove) redirected to 0x483f220 (_vgnU_ifunc_wrapper)
==6299== Preferring higher priority redirection:
--6299--     old: 0x04d409c0 (__memcpy_avx_unalign) R-> (2018.0) 0x04850f90 __memcpy_avx_unaligned_erms
--6299--     new: 0x04d409c0 (__memcpy_avx_unalign) R-> (2018.1) 0x04852880 memmove
--6299-- REDIR: 0x4c653f0 (libc.so.6:wcscmp) redirected to 0x483f220 (_vgnU_ifunc_wrapper)
--6299-- REDIR: 0x4c499e0 (libc.so.6:stpncpy) redirected to 0x483f220 (_vgnU_ifunc_wrapper)
--6299-- REDIR: 0x4c659b0 (libc.so.6:wmemchr) redirected to 0x483f220 (_vgnU_ifunc_wrapper)
--6299-- REDIR: 0x4c48830 (libc.so.6:strncmp) redirected to 0x483f220 (_vgnU_ifunc_wrapper)
--6299-- REDIR: 0x4c49a70 (libc.so.6:strcasecmp) redirected to 0x483f220 (_vgnU_ifunc_wrapper)
--6299-- REDIR: 0x4c48420 (libc.so.6:strcspn) redirected to 0x483f220 (_vgnU_ifunc_wrapper)
--6299-- REDIR: 0x4c65470 (libc.so.6:wcscpy) redirected to 0x483f220 (_vgnU_ifunc_wrapper)
--6299-- REDIR: 0x4c481d0 (libc.so.6:strcat) redirected to 0x483f220 (_vgnU_ifunc_wrapper)
--6299-- REDIR: 0x4c49b60 (libc.so.6:strncasecmp_l) redirected to 0x483f220 (_vgnU_ifunc_wrapper)
--6299-- REDIR: 0x4c49480 (libc.so.6:bcmp) redirected to 0x483f220 (_vgnU_ifunc_wrapper)
--6299-- REDIR: 0x4c51570 (libc.so.6:memrchr) redirected to 0x483f220 (_vgnU_ifunc_wrapper)
--6299-- REDIR: 0x4c4b010 (libc.so.6:strchrnul) redirected to 0x483f220 (_vgnU_ifunc_wrapper)
--6299-- REDIR: 0x4c48390 (libc.so.6:strcpy) redirected to 0x483f220 (_vgnU_ifunc_wrapper)
--6299-- REDIR: 0x4c49b10 (libc.so.6:strcasecmp_l) redirected to 0x483f220 (_vgnU_ifunc_wrapper)
--6299-- REDIR: 0x4c486a0 (libc.so.6:strlen) redirected to 0x483f220 (_vgnU_ifunc_wrapper)
--6299-- REDIR: 0x4c488d0 (libc.so.6:strncpy) redirected to 0x483f220 (_vgnU_ifunc_wrapper)
--6299-- REDIR: 0x4c49950 (libc.so.6:stpcpy) redirected to 0x483f220 (_vgnU_ifunc_wrapper)
--6299-- REDIR: 0x4c493f0 (libc.so.6:memchr) redirected to 0x483f220 (_vgnU_ifunc_wrapper)
--6299-- REDIR: 0x4c48b00 (libc.so.6:strspn) redirected to 0x483f220 (_vgnU_ifunc_wrapper)
--6299-- REDIR: 0x4c497d0 (libc.so.6:mempcpy) redirected to 0x483f220 (_vgnU_ifunc_wrapper)
--6299-- REDIR: 0x4c49ac0 (libc.so.6:strncasecmp) redirected to 0x483f220 (_vgnU_ifunc_wrapper)
--6299-- REDIR: 0x4c4af80 (libc.so.6:rawmemchr) redirected to 0x483f220 (_vgnU_ifunc_wrapper)
--6299-- REDIR: 0x4d3d810 (libc.so.6:__strrchr_avx2) redirected to 0x484e810 (rindex)
--6299-- REDIR: 0x4c450a0 (libc.so.6:malloc) redirected to 0x4848820 (malloc)
--6299-- REDIR: 0x4d3d9e0 (libc.so.6:__strlen_avx2) redirected to 0x484ed10 (strlen)
--6299-- REDIR: 0x4d39c80 (libc.so.6:__memcmp_avx2_movbe) redirected to 0x4852010 (bcmp)
--6299-- REDIR: 0x4d409c0 (libc.so.6:__memcpy_avx_unaligned_erms) redirected to 0x4852880 (memmove)
--6299-- REDIR: 0x4c453e0 (libc.so.6:free) redirected to 0x484b210 (free)
--6299-- REDIR: 0x491b970 (libstdc++.so.6:operator new(unsigned long)) redirected to 0x4848fa0 (operator new(unsigned long))
--6299-- REDIR: 0x4d41180 (libc.so.6:__memset_avx2_unaligned_erms) redirected to 0x4852770 (memset)
--6299-- REDIR: 0x4d40980 (libc.so.6:__mempcpy_avx_unaligned_erms) redirected to 0x4853440 (mempcpy)
--6299-- REDIR: 0x4919c10 (libstdc++.so.6:operator delete(void*)) redirected to 0x484b840 (operator delete(void*))
--6299-- REDIR: 0x4c48fc0 (libc.so.6:__GI_strstr) redirected to 0x4853ae0 (__strstr_sse2)
--6299-- REDIR: 0x491b9d0 (libstdc++.so.6:operator new[](unsigned long)) redirected to 0x484a280 (operator new[](unsigned long))
==6299== 
==6299== Process terminating with default action of signal 2 (SIGINT)
==6299==    at 0x4933540: std::_Rb_tree_increment(std::_Rb_tree_node_base const*) (in /usr/lib/x86_64-linux-gnu/libstdc++.so.6.0.30)
==6299==    by 0x111F9B: std::_Rb_tree_const_iterator<int>::operator++() (in /home/jeff/lzp/AnalogSPICE-example/analogspice.out)
==6299==    by 0x10FD38: AnalyzeTrans::newtonMethod(std::set<int, std::less<int>, std::allocator<int> >*, Equation*, std::map<int, std::map<std::__cxx11::basic_string<char, std::char_traits<char>, std::allocator<char> >, float, std::less<std::__cxx11::basic_string<char, std::char_traits<char>, std::allocator<char> > >, std::allocator<std::pair<std::__cxx11::basic_string<char, std::char_traits<char>, std::allocator<char> > const, float> > >, std::less<int>, std::allocator<std::pair<int const, std::map<std::__cxx11::basic_string<char, std::char_traits<char>, std::allocator<char> >, float, std::less<std::__cxx11::basic_string<char, std::char_traits<char>, std::allocator<char> > >, std::allocator<std::pair<std::__cxx11::basic_string<char, std::char_traits<char>, std::allocator<char> > const, float> > > > > >*) (in /home/jeff/lzp/AnalogSPICE-example/analogspice.out)
==6299==    by 0x10EF4C: AnalyzeTrans::AnalyzeTrans(Equation*, std::map<int, std::map<std::__cxx11::basic_string<char, std::char_traits<char>, std::allocator<char> >, float, std::less<std::__cxx11::basic_string<char, std::char_traits<char>, std::allocator<char> > >, std::allocator<std::pair<std::__cxx11::basic_string<char, std::char_traits<char>, std::allocator<char> > const, float> > >, std::less<int>, std::allocator<std::pair<int const, std::map<std::__cxx11::basic_string<char, std::char_traits<char>, std::allocator<char> >, float, std::less<std::__cxx11::basic_string<char, std::char_traits<char>, std::allocator<char> > >, std::allocator<std::pair<std::__cxx11::basic_string<char, std::char_traits<char>, std::allocator<char> > const, float> > > > > >*, std::set<int, std::less<int>, std::allocator<int> >*, float, float) (in /home/jeff/lzp/AnalogSPICE-example/analogspice.out)
==6299==    by 0x10BB8D: AnalogSolver::run() (in /home/jeff/lzp/AnalogSPICE-example/analogspice.out)
==6299==    by 0x120EFB: main (in /home/jeff/lzp/AnalogSPICE-example/analogspice.out)
==6299== 
==6299== HEAP SUMMARY:
==6299==     in use at exit: 83,684 bytes in 12 blocks
==6299==   total heap usage: 57 allocs, 45 frees, 86,902 bytes allocated
==6299== 
==6299== Searching for pointers to 12 not-freed blocks
==6299== Checked 151,112 bytes
==6299== 
==6299== 4 bytes in 1 blocks are still reachable in loss record 1 of 12
==6299==    at 0x4849013: operator new(unsigned long) (in /usr/libexec/valgrind/vgpreload_memcheck-amd64-linux.so)
==6299==    by 0x113A5F: __gnu_cxx::new_allocator<float>::allocate(unsigned long, void const*) (in /home/jeff/lzp/AnalogSPICE-example/analogspice.out)
==6299==    by 0x1139F0: std::allocator_traits<std::allocator<float> >::allocate(std::allocator<float>&, unsigned long) (in /home/jeff/lzp/AnalogSPICE-example/analogspice.out)
==6299==    by 0x1139AF: std::_Vector_base<float, std::allocator<float> >::_M_allocate(unsigned long) (in /home/jeff/lzp/AnalogSPICE-example/analogspice.out)
==6299==    by 0x11507D: void std::vector<float, std::allocator<float> >::_M_realloc_insert<float const&>(__gnu_cxx::__normal_iterator<float*, std::vector<float, std::allocator<float> > >, float const&) (in /home/jeff/lzp/AnalogSPICE-example/analogspice.out)
==6299==    by 0x111B7C: std::vector<float, std::allocator<float> >::push_back(float const&) (in /home/jeff/lzp/AnalogSPICE-example/analogspice.out)
==6299==    by 0x10F31F: AnalyzeTrans::newtonMethod(std::set<int, std::less<int>, std::allocator<int> >*, Equation*, std::map<int, std::map<std::__cxx11::basic_string<char, std::char_traits<char>, std::allocator<char> >, float, std::less<std::__cxx11::basic_string<char, std::char_traits<char>, std::allocator<char> > >, std::allocator<std::pair<std::__cxx11::basic_string<char, std::char_traits<char>, std::allocator<char> > const, float> > >, std::less<int>, std::allocator<std::pair<int const, std::map<std::__cxx11::basic_string<char, std::char_traits<char>, std::allocator<char> >, float, std::less<std::__cxx11::basic_string<char, std::char_traits<char>, std::allocator<char> > >, std::allocator<std::pair<std::__cxx11::basic_string<char, std::char_traits<char>, std::allocator<char> > const, float> > > > > >*) (in /home/jeff/lzp/AnalogSPICE-example/analogspice.out)
==6299==    by 0x10EF4C: AnalyzeTrans::AnalyzeTrans(Equation*, std::map<int, std::map<std::__cxx11::basic_string<char, std::char_traits<char>, std::allocator<char> >, float, std::less<std::__cxx11::basic_string<char, std::char_traits<char>, std::allocator<char> > >, std::allocator<std::pair<std::__cxx11::basic_string<char, std::char_traits<char>, std::allocator<char> > const, float> > >, std::less<int>, std::allocator<std::pair<int const, std::map<std::__cxx11::basic_string<char, std::char_traits<char>, std::allocator<char> >, float, std::less<std::__cxx11::basic_string<char, std::char_traits<char>, std::allocator<char> > >, std::allocator<std::pair<std::__cxx11::basic_string<char, std::char_traits<char>, std::allocator<char> > const, float> > > > > >*, std::set<int, std::less<int>, std::allocator<int> >*, float, float) (in /home/jeff/lzp/AnalogSPICE-example/analogspice.out)
==6299==    by 0x10BB8D: AnalogSolver::run() (in /home/jeff/lzp/AnalogSPICE-example/analogspice.out)
==6299==    by 0x120EFB: main (in /home/jeff/lzp/AnalogSPICE-example/analogspice.out)
==6299== 
==6299== 24 bytes in 1 blocks are still reachable in loss record 2 of 12
==6299==    at 0x4849013: operator new(unsigned long) (in /usr/libexec/valgrind/vgpreload_memcheck-amd64-linux.so)
==6299==    by 0x11BF52: Equation::Equation(std::vector<Component*, std::allocator<Component*> > const*, std::vector<Variable*, std::allocator<Variable*> >*, std::set<int, std::less<int>, std::allocator<int> >*) (in /home/jeff/lzp/AnalogSPICE-example/analogspice.out)
==6299==    by 0x10B997: AnalogSolver::run() (in /home/jeff/lzp/AnalogSPICE-example/analogspice.out)
==6299==    by 0x120EFB: main (in /home/jeff/lzp/AnalogSPICE-example/analogspice.out)
==6299== 
==6299== 48 bytes in 1 blocks are still reachable in loss record 3 of 12
==6299==    at 0x4849013: operator new(unsigned long) (in /usr/libexec/valgrind/vgpreload_memcheck-amd64-linux.so)
==6299==    by 0x132209: SimpleFactoryMat::getMatrix(std::__cxx11::basic_string<char, std::char_traits<char>, std::allocator<char> >) (in /home/jeff/lzp/AnalogSPICE-example/analogspice.out)
==6299==    by 0x11BA88: Equation::Equation(std::vector<Component*, std::allocator<Component*> > const*, std::vector<Variable*, std::allocator<Variable*> >*, std::set<int, std::less<int>, std::allocator<int> >*) (in /home/jeff/lzp/AnalogSPICE-example/analogspice.out)
==6299==    by 0x10B997: AnalogSolver::run() (in /home/jeff/lzp/AnalogSPICE-example/analogspice.out)
==6299==    by 0x120EFB: main (in /home/jeff/lzp/AnalogSPICE-example/analogspice.out)
==6299== 
==6299== 48 bytes in 1 blocks are still reachable in loss record 4 of 12
==6299==    at 0x4849013: operator new(unsigned long) (in /usr/libexec/valgrind/vgpreload_memcheck-amd64-linux.so)
==6299==    by 0x132209: SimpleFactoryMat::getMatrix(std::__cxx11::basic_string<char, std::char_traits<char>, std::allocator<char> >) (in /home/jeff/lzp/AnalogSPICE-example/analogspice.out)
==6299==    by 0x11BB0B: Equation::Equation(std::vector<Component*, std::allocator<Component*> > const*, std::vector<Variable*, std::allocator<Variable*> >*, std::set<int, std::less<int>, std::allocator<int> >*) (in /home/jeff/lzp/AnalogSPICE-example/analogspice.out)
==6299==    by 0x10B997: AnalogSolver::run() (in /home/jeff/lzp/AnalogSPICE-example/analogspice.out)
==6299==    by 0x120EFB: main (in /home/jeff/lzp/AnalogSPICE-example/analogspice.out)
==6299== 
==6299== 48 bytes in 1 blocks are still reachable in loss record 5 of 12
==6299==    at 0x4849013: operator new(unsigned long) (in /usr/libexec/valgrind/vgpreload_memcheck-amd64-linux.so)
==6299==    by 0x132209: SimpleFactoryMat::getMatrix(std::__cxx11::basic_string<char, std::char_traits<char>, std::allocator<char> >) (in /home/jeff/lzp/AnalogSPICE-example/analogspice.out)
==6299==    by 0x11BDF5: Equation::Equation(std::vector<Component*, std::allocator<Component*> > const*, std::vector<Variable*, std::allocator<Variable*> >*, std::set<int, std::less<int>, std::allocator<int> >*) (in /home/jeff/lzp/AnalogSPICE-example/analogspice.out)
==6299==    by 0x10B997: AnalogSolver::run() (in /home/jeff/lzp/AnalogSPICE-example/analogspice.out)
==6299==    by 0x120EFB: main (in /home/jeff/lzp/AnalogSPICE-example/analogspice.out)
==6299== 
==6299== 48 bytes in 1 blocks are still reachable in loss record 6 of 12
==6299==    at 0x4849013: operator new(unsigned long) (in /usr/libexec/valgrind/vgpreload_memcheck-amd64-linux.so)
==6299==    by 0x132209: SimpleFactoryMat::getMatrix(std::__cxx11::basic_string<char, std::char_traits<char>, std::allocator<char> >) (in /home/jeff/lzp/AnalogSPICE-example/analogspice.out)
==6299==    by 0x11BE87: Equation::Equation(std::vector<Component*, std::allocator<Component*> > const*, std::vector<Variable*, std::allocator<Variable*> >*, std::set<int, std::less<int>, std::allocator<int> >*) (in /home/jeff/lzp/AnalogSPICE-example/analogspice.out)
==6299==    by 0x10B997: AnalogSolver::run() (in /home/jeff/lzp/AnalogSPICE-example/analogspice.out)
==6299==    by 0x120EFB: main (in /home/jeff/lzp/AnalogSPICE-example/analogspice.out)
==6299== 
==6299== 48 bytes in 1 blocks are still reachable in loss record 7 of 12
==6299==    at 0x4849013: operator new(unsigned long) (in /usr/libexec/valgrind/vgpreload_memcheck-amd64-linux.so)
==6299==    by 0x11BF0D: Equation::Equation(std::vector<Component*, std::allocator<Component*> > const*, std::vector<Variable*, std::allocator<Variable*> >*, std::set<int, std::less<int>, std::allocator<int> >*) (in /home/jeff/lzp/AnalogSPICE-example/analogspice.out)
==6299==    by 0x10B997: AnalogSolver::run() (in /home/jeff/lzp/AnalogSPICE-example/analogspice.out)
==6299==    by 0x120EFB: main (in /home/jeff/lzp/AnalogSPICE-example/analogspice.out)
==6299== 
==6299== 472 bytes in 1 blocks are still reachable in loss record 8 of 12
==6299==    at 0x4848899: malloc (in /usr/libexec/valgrind/vgpreload_memcheck-amd64-linux.so)
==6299==    by 0x4C1F64D: __fopen_internal (iofopen.c:65)
==6299==    by 0x4C1F64D: fopen@@GLIBC_2.2.5 (iofopen.c:86)
==6299==    by 0x493DBB3: std::__basic_file<char>::open(char const*, std::_Ios_Openmode, int) (in /usr/lib/x86_64-linux-gnu/libstdc++.so.6.0.30)
==6299==    by 0x4985FFD: std::basic_filebuf<char, std::char_traits<char> >::open(char const*, std::_Ios_Openmode) (in /usr/lib/x86_64-linux-gnu/libstdc++.so.6.0.30)
==6299==    by 0x4986CBD: std::basic_ofstream<char, std::char_traits<char> >::basic_ofstream(char const*, std::_Ios_Openmode) (in /usr/lib/x86_64-linux-gnu/libstdc++.so.6.0.30)
==6299==    by 0x10E9C1: AnalyzeTrans::AnalyzeTrans(Equation*, std::map<int, std::map<std::__cxx11::basic_string<char, std::char_traits<char>, std::allocator<char> >, float, std::less<std::__cxx11::basic_string<char, std::char_traits<char>, std::allocator<char> > >, std::allocator<std::pair<std::__cxx11::basic_string<char, std::char_traits<char>, std::allocator<char> > const, float> > >, std::less<int>, std::allocator<std::pair<int const, std::map<std::__cxx11::basic_string<char, std::char_traits<char>, std::allocator<char> >, float, std::less<std::__cxx11::basic_string<char, std::char_traits<char>, std::allocator<char> > >, std::allocator<std::pair<std::__cxx11::basic_string<char, std::char_traits<char>, std::allocator<char> > const, float> > > > > >*, std::set<int, std::less<int>, std::allocator<int> >*, float, float) (in /home/jeff/lzp/AnalogSPICE-example/analogspice.out)
==6299==    by 0x10BB8D: AnalogSolver::run() (in /home/jeff/lzp/AnalogSPICE-example/analogspice.out)
==6299==    by 0x120EFB: main (in /home/jeff/lzp/AnalogSPICE-example/analogspice.out)
==6299== 
==6299== 1,024 bytes in 1 blocks are still reachable in loss record 9 of 12
==6299==    at 0x4848899: malloc (in /usr/libexec/valgrind/vgpreload_memcheck-amd64-linux.so)
==6299==    by 0x4C1EBA3: _IO_file_doallocate (filedoalloc.c:101)
==6299==    by 0x4C2DCDF: _IO_doallocbuf (genops.c:347)
==6299==    by 0x4C2CF5F: _IO_file_overflow@@GLIBC_2.2.5 (fileops.c:744)
==6299==    by 0x4C2B6D4: _IO_new_file_xsputn (fileops.c:1243)
==6299==    by 0x4C2B6D4: _IO_file_xsputn@@GLIBC_2.2.5 (fileops.c:1196)
==6299==    by 0x4C1FFD6: fwrite (iofwrite.c:39)
==6299==    by 0x49A9B64: std::basic_ostream<char, std::char_traits<char> >& std::__ostream_insert<char, std::char_traits<char> >(std::basic_ostream<char, std::char_traits<char> >&, char const*, long) (in /usr/lib/x86_64-linux-gnu/libstdc++.so.6.0.30)
==6299==    by 0x49A9EBA: std::basic_ostream<char, std::char_traits<char> >& std::operator<< <std::char_traits<char> >(std::basic_ostream<char, std::char_traits<char> >&, char const*) (in /usr/lib/x86_64-linux-gnu/libstdc++.so.6.0.30)
==6299==    by 0x10B9AA: AnalogSolver::run() (in /home/jeff/lzp/AnalogSPICE-example/analogspice.out)
==6299==    by 0x120EFB: main (in /home/jeff/lzp/AnalogSPICE-example/analogspice.out)
==6299== 
==6299== 1,024 bytes in 1 blocks are still reachable in loss record 10 of 12
==6299==    at 0x4848899: malloc (in /usr/libexec/valgrind/vgpreload_memcheck-amd64-linux.so)
==6299==    by 0x4C1EBA3: _IO_file_doallocate (filedoalloc.c:101)
==6299==    by 0x4C2DCDF: _IO_doallocbuf (genops.c:347)
==6299==    by 0x4C2CCDB: _IO_file_underflow@@GLIBC_2.2.5 (fileops.c:485)
==6299==    by 0x4C2DD95: _IO_default_uflow (genops.c:362)
==6299==    by 0x497F8C0: __gnu_cxx::stdio_sync_filebuf<char, std::char_traits<char> >::underflow() (in /usr/lib/x86_64-linux-gnu/libstdc++.so.6.0.30)
==6299==    by 0x498D9D5: std::istream::sentry::sentry(std::istream&, bool) (in /usr/lib/x86_64-linux-gnu/libstdc++.so.6.0.30)
==6299==    by 0x498DC31: std::istream::operator>>(int&) (in /usr/lib/x86_64-linux-gnu/libstdc++.so.6.0.30)
==6299==    by 0x10BA18: AnalogSolver::run() (in /home/jeff/lzp/AnalogSPICE-example/analogspice.out)
==6299==    by 0x120EFB: main (in /home/jeff/lzp/AnalogSPICE-example/analogspice.out)
==6299== 
==6299== 8,192 bytes in 1 blocks are still reachable in loss record 11 of 12
==6299==    at 0x484A2F3: operator new[](unsigned long) (in /usr/libexec/valgrind/vgpreload_memcheck-amd64-linux.so)
==6299==    by 0x4982023: std::basic_filebuf<char, std::char_traits<char> >::_M_allocate_internal_buffer() (in /usr/lib/x86_64-linux-gnu/libstdc++.so.6.0.30)
==6299==    by 0x4986015: std::basic_filebuf<char, std::char_traits<char> >::open(char const*, std::_Ios_Openmode) (in /usr/lib/x86_64-linux-gnu/libstdc++.so.6.0.30)
==6299==    by 0x4986CBD: std::basic_ofstream<char, std::char_traits<char> >::basic_ofstream(char const*, std::_Ios_Openmode) (in /usr/lib/x86_64-linux-gnu/libstdc++.so.6.0.30)
==6299==    by 0x10E9C1: AnalyzeTrans::AnalyzeTrans(Equation*, std::map<int, std::map<std::__cxx11::basic_string<char, std::char_traits<char>, std::allocator<char> >, float, std::less<std::__cxx11::basic_string<char, std::char_traits<char>, std::allocator<char> > >, std::allocator<std::pair<std::__cxx11::basic_string<char, std::char_traits<char>, std::allocator<char> > const, float> > >, std::less<int>, std::allocator<std::pair<int const, std::map<std::__cxx11::basic_string<char, std::char_traits<char>, std::allocator<char> >, float, std::less<std::__cxx11::basic_string<char, std::char_traits<char>, std::allocator<char> > >, std::allocator<std::pair<std::__cxx11::basic_string<char, std::char_traits<char>, std::allocator<char> > const, float> > > > > >*, std::set<int, std::less<int>, std::allocator<int> >*, float, float) (in /home/jeff/lzp/AnalogSPICE-example/analogspice.out)
==6299==    by 0x10BB8D: AnalogSolver::run() (in /home/jeff/lzp/AnalogSPICE-example/analogspice.out)
==6299==    by 0x120EFB: main (in /home/jeff/lzp/AnalogSPICE-example/analogspice.out)
==6299== 
==6299== 72,704 bytes in 1 blocks are still reachable in loss record 12 of 12
==6299==    at 0x4848899: malloc (in /usr/libexec/valgrind/vgpreload_memcheck-amd64-linux.so)
==6299==    by 0x4917939: ??? (in /usr/lib/x86_64-linux-gnu/libstdc++.so.6.0.30)
==6299==    by 0x400647D: call_init.part.0 (dl-init.c:70)
==6299==    by 0x4006567: call_init (dl-init.c:33)
==6299==    by 0x4006567: _dl_init (dl-init.c:117)
==6299==    by 0x40202C9: ??? (in /usr/lib/x86_64-linux-gnu/ld-linux-x86-64.so.2)
==6299==    by 0x1: ???
==6299==    by 0x1FFF0000C2: ???
==6299==    by 0x1FFF0000D4: ???
==6299== 
==6299== LEAK SUMMARY:
==6299==    definitely lost: 0 bytes in 0 blocks
==6299==    indirectly lost: 0 bytes in 0 blocks
==6299==      possibly lost: 0 bytes in 0 blocks
==6299==    still reachable: 83,684 bytes in 12 blocks
==6299==         suppressed: 0 bytes in 0 blocks
==6299== 
==6299== ERROR SUMMARY: 0 errors from 0 contexts (suppressed: 0 from 0)
